<?xml version="1.0" encoding="UTF-8"?>
<!-- Generated by org.testng.reporters.JUnitReportReporter -->
<testsuite hostname="DESKTOP-ENVFPHJ" failures="0" tests="2" name="ecommerce.Test_Runner.ecommerce1TestRunner" time="27.150" errors="0" timestamp="2024-06-07T22:17:22 EDT" skipped="0">
  <testcase classname="ecommerce.Test_Runner.ecommerce1TestRunner" name="feature" time="10.301"/>
  <system-out/>
  <testcase classname="ecommerce.Test_Runner.ecommerce1TestRunner" name="feature" time="16.849"/>
  <system-out/>
</testsuite> <!-- ecommerce.Test_Runner.ecommerce1TestRunner -->
